This file contains any messages produced by compilers while
running configure, to aid debugging if configure makes a mistake.

It was created by configure, which was
generated by GNU Autoconf 2.61.  Invocation command line was

  $ ./configure 

## --------- ##
## Platform. ##
## --------- ##

hostname = dodng-ThinkPad-X230
uname -m = i686
uname -r = 3.16.0-23-generic
uname -s = Linux
uname -v = #31-Ubuntu SMP Tue Oct 21 18:00:35 UTC 2014

/usr/bin/uname -p = unknown
/bin/uname -X     = unknown

/bin/arch              = unknown
/usr/bin/arch -k       = unknown
/usr/convex/getsysinfo = unknown
/usr/bin/hostinfo      = unknown
/bin/machine           = unknown
/usr/bin/oslevel       = unknown
/bin/universe          = unknown

PATH: /usr/local/sbin
PATH: /usr/local/bin
PATH: /usr/sbin
PATH: /usr/bin
PATH: /sbin
PATH: /bin


## ----------- ##
## Core tests. ##
## ----------- ##

configure:1973: checking for a BSD-compatible install
configure:2029: result: /usr/bin/install -c
configure:2040: checking whether build environment is sane
configure:2083: result: yes
configure:2111: checking for a thread-safe mkdir -p
configure:2150: result: /bin/mkdir -p
configure:2163: checking for gawk
configure:2179: found /usr/bin/gawk
configure:2190: result: gawk
configure:2201: checking whether make sets $(MAKE)
configure:2222: result: yes
configure:2419: checking build system type
configure:2437: result: i686-pc-linux-gnu
configure:2459: checking host system type
configure:2474: result: i686-pc-linux-gnu
configure:2555: checking for gcc
configure:2571: found /usr/bin/gcc
configure:2582: result: gcc
configure:2820: checking for C compiler version
configure:2827: gcc --version >&5
gcc (Ubuntu 4.9.1-16ubuntu6) 4.9.1
Copyright (C) 2014 Free Software Foundation, Inc.
This is free software; see the source for copying conditions.  There is NO
warranty; not even for MERCHANTABILITY or FITNESS FOR A PARTICULAR PURPOSE.

configure:2830: $? = 0
configure:2837: gcc -v >&5
Using built-in specs.
COLLECT_GCC=gcc
COLLECT_LTO_WRAPPER=/usr/lib/gcc/i686-linux-gnu/4.9/lto-wrapper
Target: i686-linux-gnu
Configured with: ../src/configure -v --with-pkgversion='Ubuntu 4.9.1-16ubuntu6' --with-bugurl=file:///usr/share/doc/gcc-4.9/README.Bugs --enable-languages=c,c++,java,go,d,fortran,objc,obj-c++ --prefix=/usr --program-suffix=-4.9 --enable-shared --enable-linker-build-id --libexecdir=/usr/lib --without-included-gettext --enable-threads=posix --with-gxx-include-dir=/usr/include/c++/4.9 --libdir=/usr/lib --enable-nls --with-sysroot=/ --enable-clocale=gnu --enable-libstdcxx-debug --enable-libstdcxx-time=yes --enable-gnu-unique-object --disable-vtable-verify --enable-plugin --with-system-zlib --disable-browser-plugin --enable-java-awt=gtk --enable-gtk-cairo --with-java-home=/usr/lib/jvm/java-1.5.0-gcj-4.9-i386/jre --enable-java-home --with-jvm-root-dir=/usr/lib/jvm/java-1.5.0-gcj-4.9-i386 --with-jvm-jar-dir=/usr/lib/jvm-exports/java-1.5.0-gcj-4.9-i386 --with-arch-directory=i386 --with-ecj-jar=/usr/share/java/eclipse-ecj.jar --enable-objc-gc --enable-targets=all --enable-multiarch --disable-werror --with-arch-32=i686 --with-multilib-list=m32,m64,mx32 --enable-multilib --with-tune=generic --enable-checking=release --build=i686-linux-gnu --host=i686-linux-gnu --target=i686-linux-gnu
Thread model: posix
gcc version 4.9.1 (Ubuntu 4.9.1-16ubuntu6) 
configure:2840: $? = 0
configure:2847: gcc -V >&5
gcc: error: unrecognized command line option '-V'
gcc: fatal error: no input files
compilation terminated.
configure:2850: $? = 4
configure:2873: checking for C compiler default output file name
configure:2900: gcc    conftest.c  >&5
configure:2903: $? = 0
configure:2941: result: a.out
configure:2958: checking whether the C compiler works
configure:2968: ./a.out
configure:2971: $? = 0
configure:2988: result: yes
configure:2995: checking whether we are cross compiling
configure:2997: result: no
configure:3000: checking for suffix of executables
configure:3007: gcc -o conftest    conftest.c  >&5
configure:3010: $? = 0
configure:3034: result: 
configure:3040: checking for suffix of object files
configure:3066: gcc -c   conftest.c >&5
configure:3069: $? = 0
configure:3092: result: o
configure:3096: checking whether we are using the GNU C compiler
configure:3125: gcc -c   conftest.c >&5
configure:3131: $? = 0
configure:3148: result: yes
configure:3153: checking whether gcc accepts -g
configure:3183: gcc -c -g  conftest.c >&5
configure:3189: $? = 0
configure:3288: result: yes
configure:3305: checking for gcc option to accept ISO C89
configure:3379: gcc  -c -g -O2  conftest.c >&5
configure:3385: $? = 0
configure:3408: result: none needed
configure:3437: checking for style of include used by make
configure:3465: result: GNU
configure:3490: checking dependency style of gcc
configure:3581: result: none
configure:3609: checking for a BSD-compatible install
configure:3665: result: /usr/bin/install -c
configure:3676: checking whether ln -s works
configure:3680: result: yes
configure:3694: checking how to run the C preprocessor
configure:3734: gcc -E  conftest.c
configure:3740: $? = 0
configure:3771: gcc -E  conftest.c
conftest.c:11:28: fatal error: ac_nonexistent.h: No such file or directory
 #include <ac_nonexistent.h>
                            ^
compilation terminated.
configure:3777: $? = 1
configure: failed program was:
| /* confdefs.h.  */
| #define PACKAGE_NAME ""
| #define PACKAGE_TARNAME ""
| #define PACKAGE_VERSION ""
| #define PACKAGE_STRING ""
| #define PACKAGE_BUGREPORT ""
| #define PACKAGE "libevent"
| #define VERSION "1.4.14-stable"
| #define NUMERIC_VERSION 0x01040e00
| /* end confdefs.h.  */
| #include <ac_nonexistent.h>
configure:3810: result: gcc -E
configure:3839: gcc -E  conftest.c
configure:3845: $? = 0
configure:3876: gcc -E  conftest.c
conftest.c:11:28: fatal error: ac_nonexistent.h: No such file or directory
 #include <ac_nonexistent.h>
                            ^
compilation terminated.
configure:3882: $? = 1
configure: failed program was:
| /* confdefs.h.  */
| #define PACKAGE_NAME ""
| #define PACKAGE_TARNAME ""
| #define PACKAGE_VERSION ""
| #define PACKAGE_STRING ""
| #define PACKAGE_BUGREPORT ""
| #define PACKAGE "libevent"
| #define VERSION "1.4.14-stable"
| #define NUMERIC_VERSION 0x01040e00
| /* end confdefs.h.  */
| #include <ac_nonexistent.h>
configure:3920: checking for grep that handles long lines and -e
configure:3994: result: /bin/grep
configure:3999: checking for egrep
configure:4077: result: /bin/grep -E
configure:4083: checking whether gcc needs -traditional
configure:4125: result: no
configure:4139: checking whether we need extra flags to make libc reentrant
configure:4153: result: no
configure:4236: checking for a sed that does not truncate output
configure:4292: result: /bin/sed
configure:4306: checking for ld used by gcc
configure:4373: result: /usr/bin/ld
configure:4382: checking if the linker (/usr/bin/ld) is GNU ld
configure:4397: result: yes
configure:4402: checking for /usr/bin/ld option to reload object files
configure:4409: result: -r
configure:4427: checking for BSD-compatible nm
configure:4476: result: /usr/bin/nm -B
configure:4480: checking how to recognize dependent libraries
configure:4666: result: pass_all
configure:4905: checking for ANSI C header files
configure:4935: gcc -c -g -O2 -Wall -fno-strict-aliasing  conftest.c >&5
configure:4941: $? = 0
configure:5040: gcc -o conftest -g -O2 -Wall -fno-strict-aliasing   conftest.c  >&5
configure:5043: $? = 0
configure:5049: ./conftest
configure:5052: $? = 0
configure:5069: result: yes
configure:5093: checking for sys/types.h
configure:5114: gcc -c -g -O2 -Wall -fno-strict-aliasing  conftest.c >&5
configure:5120: $? = 0
configure:5136: result: yes
configure:5093: checking for sys/stat.h
configure:5114: gcc -c -g -O2 -Wall -fno-strict-aliasing  conftest.c >&5
configure:5120: $? = 0
configure:5136: result: yes
configure:5093: checking for stdlib.h
configure:5114: gcc -c -g -O2 -Wall -fno-strict-aliasing  conftest.c >&5
configure:5120: $? = 0
configure:5136: result: yes
configure:5093: checking for string.h
configure:5114: gcc -c -g -O2 -Wall -fno-strict-aliasing  conftest.c >&5
configure:5120: $? = 0
configure:5136: result: yes
configure:5093: checking for memory.h
configure:5114: gcc -c -g -O2 -Wall -fno-strict-aliasing  conftest.c >&5
configure:5120: $? = 0
configure:5136: result: yes
configure:5093: checking for strings.h
configure:5114: gcc -c -g -O2 -Wall -fno-strict-aliasing  conftest.c >&5
configure:5120: $? = 0
configure:5136: result: yes
configure:5093: checking for inttypes.h
configure:5114: gcc -c -g -O2 -Wall -fno-strict-aliasing  conftest.c >&5
configure:5120: $? = 0
configure:5136: result: yes
configure:5093: checking for stdint.h
configure:5114: gcc -c -g -O2 -Wall -fno-strict-aliasing  conftest.c >&5
configure:5120: $? = 0
configure:5136: result: yes
configure:5093: checking for unistd.h
configure:5114: gcc -c -g -O2 -Wall -fno-strict-aliasing  conftest.c >&5
configure:5120: $? = 0
configure:5136: result: yes
configure:5163: checking dlfcn.h usability
configure:5180: gcc -c -g -O2 -Wall -fno-strict-aliasing  conftest.c >&5
configure:5186: $? = 0
configure:5200: result: yes
configure:5204: checking dlfcn.h presence
configure:5219: gcc -E  conftest.c
configure:5225: $? = 0
configure:5239: result: yes
configure:5267: checking for dlfcn.h
configure:5275: result: yes
configure:5346: checking for g++
configure:5362: found /usr/bin/g++
configure:5373: result: g++
configure:5404: checking for C++ compiler version
configure:5411: g++ --version >&5
g++ (Ubuntu 4.9.1-16ubuntu6) 4.9.1
Copyright (C) 2014 Free Software Foundation, Inc.
This is free software; see the source for copying conditions.  There is NO
warranty; not even for MERCHANTABILITY or FITNESS FOR A PARTICULAR PURPOSE.

configure:5414: $? = 0
configure:5421: g++ -v >&5
Using built-in specs.
COLLECT_GCC=g++
COLLECT_LTO_WRAPPER=/usr/lib/gcc/i686-linux-gnu/4.9/lto-wrapper
Target: i686-linux-gnu
Configured with: ../src/configure -v --with-pkgversion='Ubuntu 4.9.1-16ubuntu6' --with-bugurl=file:///usr/share/doc/gcc-4.9/README.Bugs --enable-languages=c,c++,java,go,d,fortran,objc,obj-c++ --prefix=/usr --program-suffix=-4.9 --enable-shared --enable-linker-build-id --libexecdir=/usr/lib --without-included-gettext --enable-threads=posix --with-gxx-include-dir=/usr/include/c++/4.9 --libdir=/usr/lib --enable-nls --with-sysroot=/ --enable-clocale=gnu --enable-libstdcxx-debug --enable-libstdcxx-time=yes --enable-gnu-unique-object --disable-vtable-verify --enable-plugin --with-system-zlib --disable-browser-plugin --enable-java-awt=gtk --enable-gtk-cairo --with-java-home=/usr/lib/jvm/java-1.5.0-gcj-4.9-i386/jre --enable-java-home --with-jvm-root-dir=/usr/lib/jvm/java-1.5.0-gcj-4.9-i386 --with-jvm-jar-dir=/usr/lib/jvm-exports/java-1.5.0-gcj-4.9-i386 --with-arch-directory=i386 --with-ecj-jar=/usr/share/java/eclipse-ecj.jar --enable-objc-gc --enable-targets=all --enable-multiarch --disable-werror --with-arch-32=i686 --with-multilib-list=m32,m64,mx32 --enable-multilib --with-tune=generic --enable-checking=release --build=i686-linux-gnu --host=i686-linux-gnu --target=i686-linux-gnu
Thread model: posix
gcc version 4.9.1 (Ubuntu 4.9.1-16ubuntu6) 
configure:5424: $? = 0
configure:5431: g++ -V >&5
g++: error: unrecognized command line option '-V'
g++: fatal error: no input files
compilation terminated.
configure:5434: $? = 4
configure:5437: checking whether we are using the GNU C++ compiler
configure:5466: g++ -c   conftest.cpp >&5
configure:5472: $? = 0
configure:5489: result: yes
configure:5494: checking whether g++ accepts -g
configure:5524: g++ -c -g  conftest.cpp >&5
configure:5530: $? = 0
configure:5629: result: yes
configure:5654: checking dependency style of g++
configure:5745: result: none
configure:5770: checking how to run the C++ preprocessor
configure:5806: g++ -E  conftest.cpp
configure:5812: $? = 0
configure:5843: g++ -E  conftest.cpp
conftest.cpp:22:28: fatal error: ac_nonexistent.h: No such file or directory
 #include <ac_nonexistent.h>
                            ^
compilation terminated.
configure:5849: $? = 1
configure: failed program was:
| /* confdefs.h.  */
| #define PACKAGE_NAME ""
| #define PACKAGE_TARNAME ""
| #define PACKAGE_VERSION ""
| #define PACKAGE_STRING ""
| #define PACKAGE_BUGREPORT ""
| #define PACKAGE "libevent"
| #define VERSION "1.4.14-stable"
| #define NUMERIC_VERSION 0x01040e00
| #define STDC_HEADERS 1
| #define HAVE_SYS_TYPES_H 1
| #define HAVE_SYS_STAT_H 1
| #define HAVE_STDLIB_H 1
| #define HAVE_STRING_H 1
| #define HAVE_MEMORY_H 1
| #define HAVE_STRINGS_H 1
| #define HAVE_INTTYPES_H 1
| #define HAVE_STDINT_H 1
| #define HAVE_UNISTD_H 1
| #define HAVE_DLFCN_H 1
| /* end confdefs.h.  */
| #include <ac_nonexistent.h>
configure:5882: result: g++ -E
configure:5911: g++ -E  conftest.cpp
configure:5917: $? = 0
configure:5948: g++ -E  conftest.cpp
conftest.cpp:22:28: fatal error: ac_nonexistent.h: No such file or directory
 #include <ac_nonexistent.h>
                            ^
compilation terminated.
configure:5954: $? = 1
configure: failed program was:
| /* confdefs.h.  */
| #define PACKAGE_NAME ""
| #define PACKAGE_TARNAME ""
| #define PACKAGE_VERSION ""
| #define PACKAGE_STRING ""
| #define PACKAGE_BUGREPORT ""
| #define PACKAGE "libevent"
| #define VERSION "1.4.14-stable"
| #define NUMERIC_VERSION 0x01040e00
| #define STDC_HEADERS 1
| #define HAVE_SYS_TYPES_H 1
| #define HAVE_SYS_STAT_H 1
| #define HAVE_STDLIB_H 1
| #define HAVE_STRING_H 1
| #define HAVE_MEMORY_H 1
| #define HAVE_STRINGS_H 1
| #define HAVE_INTTYPES_H 1
| #define HAVE_STDINT_H 1
| #define HAVE_UNISTD_H 1
| #define HAVE_DLFCN_H 1
| /* end confdefs.h.  */
| #include <ac_nonexistent.h>
configure:6047: checking for g77
configure:6077: result: no
configure:6047: checking for xlf
configure:6077: result: no
configure:6047: checking for f77
configure:6077: result: no
configure:6047: checking for frt
configure:6077: result: no
configure:6047: checking for pgf77
configure:6077: result: no
configure:6047: checking for cf77
configure:6077: result: no
configure:6047: checking for fort77
configure:6077: result: no
configure:6047: checking for fl32
configure:6077: result: no
configure:6047: checking for af77
configure:6077: result: no
configure:6047: checking for xlf90
configure:6077: result: no
configure:6047: checking for f90
configure:6077: result: no
configure:6047: checking for pgf90
configure:6077: result: no
configure:6047: checking for pghpf
configure:6077: result: no
configure:6047: checking for epcf90
configure:6077: result: no
configure:6047: checking for gfortran
configure:6077: result: no
configure:6047: checking for g95
configure:6077: result: no
configure:6047: checking for xlf95
configure:6077: result: no
configure:6047: checking for f95
configure:6077: result: no
configure:6047: checking for fort
configure:6077: result: no
configure:6047: checking for ifort
configure:6077: result: no
configure:6047: checking for ifc
configure:6077: result: no
configure:6047: checking for efc
configure:6077: result: no
configure:6047: checking for pgf95
configure:6077: result: no
configure:6047: checking for lf95
configure:6077: result: no
configure:6047: checking for ftn
configure:6077: result: no
configure:6104: checking for Fortran 77 compiler version
configure:6111:  --version >&5
./configure: line 6112: --version: command not found
configure:6114: $? = 127
configure:6121:  -v >&5
./configure: line 6122: -v: command not found
configure:6124: $? = 127
configure:6131:  -V >&5
./configure: line 6132: -V: command not found
configure:6134: $? = 127
configure:6142: checking whether we are using the GNU Fortran 77 compiler
configure:6161:  -c  conftest.F >&5
./configure: line 6162: -c: command not found
configure:6167: $? = 127
configure: failed program was:
|       program main
| #ifndef __GNUC__
|        choke me
| #endif
| 
|       end
configure:6184: result: no
configure:6190: checking whether  accepts -g
configure:6207:  -c -g conftest.f >&5
./configure: line 6208: -c: command not found
configure:6213: $? = 127
configure: failed program was:
|       program main
| 
|       end
configure:6229: result: no
configure:6258: checking the maximum length of command line arguments
configure:6370: result: 1572864
configure:6382: checking command to parse /usr/bin/nm -B output from gcc object
configure:6487: gcc -c -g -O2 -Wall -fno-strict-aliasing  conftest.c >&5
configure:6490: $? = 0
configure:6494: /usr/bin/nm -B conftest.o \| sed -n -e 's/^.*[ 	]\([ABCDGIRSTW][ABCDGIRSTW]*\)[ 	][ 	]*\([_A-Za-z][_A-Za-z0-9]*\)$/\1 \2 \2/p' \> conftest.nm
configure:6497: $? = 0
configure:6549: gcc -o conftest -g -O2 -Wall -fno-strict-aliasing   conftest.c conftstm.o >&5
configure:6552: $? = 0
configure:6590: result: ok
configure:6594: checking for objdir
configure:6609: result: .libs
configure:6701: checking for ar
configure:6717: found /usr/bin/ar
configure:6728: result: ar
configure:6797: checking for ranlib
configure:6813: found /usr/bin/ranlib
configure:6824: result: ranlib
configure:6893: checking for strip
configure:6909: found /usr/bin/strip
configure:6920: result: strip
configure:7518: checking if gcc supports -fno-rtti -fno-exceptions
configure:7536: gcc -c -g -O2 -Wall -fno-strict-aliasing  -fno-rtti -fno-exceptions conftest.c >&5
cc1: warning: command line option '-fno-rtti' is valid for C++/ObjC++ but not for C
configure:7540: $? = 0
configure:7553: result: no
configure:7568: checking for gcc option to produce PIC
configure:7800: result: -fPIC
configure:7808: checking if gcc PIC flag -fPIC works
configure:7826: gcc -c -g -O2 -Wall -fno-strict-aliasing  -fPIC -DPIC conftest.c >&5
configure:7830: $? = 0
configure:7843: result: yes
configure:7871: checking if gcc static flag -static works
configure:7899: result: yes
configure:7909: checking if gcc supports -c -o file.o
configure:7930: gcc -c -g -O2 -Wall -fno-strict-aliasing  -o out/conftest2.o conftest.c >&5
configure:7934: $? = 0
configure:7956: result: yes
configure:7982: checking whether the gcc linker (/usr/bin/ld) supports shared libraries
configure:8963: result: yes
configure:8984: checking whether -lc should be explicitly linked in
configure:8989: gcc -c -g -O2 -Wall -fno-strict-aliasing  conftest.c >&5
configure:8992: $? = 0
configure:9007: gcc -shared conftest.o  -v -Wl,-soname -Wl,conftest -o conftest 2\>\&1 \| grep  -lc  \>/dev/null 2\>\&1
configure:9010: $? = 0
configure:9022: result: no
configure:9030: checking dynamic linker characteristics
configure:9644: result: GNU/Linux ld.so
configure:9668: checking how to hardcode library paths into programs
configure:9693: result: immediate
configure:9707: checking whether stripping libraries is possible
configure:9712: result: yes
configure:10514: checking if libtool supports shared libraries
configure:10516: result: yes
configure:10519: checking whether to build shared libraries
configure:10540: result: yes
configure:10543: checking whether to build static libraries
configure:10547: result: yes
configure:10641: creating libtool
configure:11234: checking for ld used by g++
configure:11301: result: /usr/bin/ld
configure:11310: checking if the linker (/usr/bin/ld) is GNU ld
configure:11325: result: yes
configure:11376: checking whether the g++ linker (/usr/bin/ld) supports shared libraries
configure:12322: result: yes
configure:12339: g++ -c -g -O2  conftest.cpp >&5
configure:12342: $? = 0
configure:12498: checking for g++ option to produce PIC
configure:12782: result: -fPIC
configure:12790: checking if g++ PIC flag -fPIC works
configure:12808: g++ -c -g -O2  -fPIC -DPIC conftest.cpp >&5
configure:12812: $? = 0
configure:12825: result: yes
configure:12853: checking if g++ static flag -static works
configure:12881: result: yes
configure:12891: checking if g++ supports -c -o file.o
configure:12912: g++ -c -g -O2  -o out/conftest2.o conftest.cpp >&5
configure:12916: $? = 0
configure:12938: result: yes
configure:12964: checking whether the g++ linker (/usr/bin/ld) supports shared libraries
configure:12993: result: yes
configure:13060: checking dynamic linker characteristics
configure:13622: result: GNU/Linux ld.so
configure:13646: checking how to hardcode library paths into programs
configure:13671: result: immediate
configure:19922: checking for socket in -lsocket
configure:19957: gcc -o conftest -g -O2 -Wall -fno-strict-aliasing   conftest.c -lsocket   >&5
/usr/bin/ld: cannot find -lsocket
collect2: error: ld returned 1 exit status
configure:19963: $? = 1
configure: failed program was:
| /* confdefs.h.  */
| #define PACKAGE_NAME ""
| #define PACKAGE_TARNAME ""
| #define PACKAGE_VERSION ""
| #define PACKAGE_STRING ""
| #define PACKAGE_BUGREPORT ""
| #define PACKAGE "libevent"
| #define VERSION "1.4.14-stable"
| #define NUMERIC_VERSION 0x01040e00
| #define STDC_HEADERS 1
| #define HAVE_SYS_TYPES_H 1
| #define HAVE_SYS_STAT_H 1
| #define HAVE_STDLIB_H 1
| #define HAVE_STRING_H 1
| #define HAVE_MEMORY_H 1
| #define HAVE_STRINGS_H 1
| #define HAVE_INTTYPES_H 1
| #define HAVE_STDINT_H 1
| #define HAVE_UNISTD_H 1
| #define HAVE_DLFCN_H 1
| /* end confdefs.h.  */
| 
| /* Override any GCC internal prototype to avoid an error.
|    Use char because int might match the return type of a GCC
|    builtin and then its argument prototype would still apply.  */
| #ifdef __cplusplus
| extern "C"
| #endif
| char socket ();
| int
| main ()
| {
| return socket ();
|   ;
|   return 0;
| }
configure:19981: result: no
configure:19993: checking for inet_aton in -lresolv
configure:20028: gcc -o conftest -g -O2 -Wall -fno-strict-aliasing   conftest.c -lresolv   >&5
configure:20034: $? = 0
configure:20052: result: yes
configure:20064: checking for clock_gettime in -lrt
configure:20099: gcc -o conftest -g -O2 -Wall -fno-strict-aliasing   conftest.c -lrt  -lresolv  >&5
configure:20105: $? = 0
configure:20123: result: yes
configure:20135: checking for inet_ntoa in -lnsl
configure:20170: gcc -o conftest -g -O2 -Wall -fno-strict-aliasing   conftest.c -lnsl  -lrt -lresolv  >&5
configure:20176: $? = 0
configure:20194: result: yes
configure:20206: checking for ANSI C header files
configure:20370: result: yes
configure:20412: checking fcntl.h usability
configure:20429: gcc -c -g -O2 -Wall -fno-strict-aliasing  conftest.c >&5
configure:20435: $? = 0
configure:20449: result: yes
configure:20453: checking fcntl.h presence
configure:20468: gcc -E  conftest.c
configure:20474: $? = 0
configure:20488: result: yes
configure:20516: checking for fcntl.h
configure:20524: result: yes
configure:20412: checking stdarg.h usability
configure:20429: gcc -c -g -O2 -Wall -fno-strict-aliasing  conftest.c >&5
configure:20435: $? = 0
configure:20449: result: yes
configure:20453: checking stdarg.h presence
configure:20468: gcc -E  conftest.c
configure:20474: $? = 0
configure:20488: result: yes
configure:20516: checking for stdarg.h
configure:20524: result: yes
configure:20402: checking for inttypes.h
configure:20408: result: yes
configure:20402: checking for stdint.h
configure:20408: result: yes
configure:20412: checking poll.h usability
configure:20429: gcc -c -g -O2 -Wall -fno-strict-aliasing  conftest.c >&5
configure:20435: $? = 0
configure:20449: result: yes
configure:20453: checking poll.h presence
configure:20468: gcc -E  conftest.c
configure:20474: $? = 0
configure:20488: result: yes
configure:20516: checking for poll.h
configure:20524: result: yes
configure:20412: checking signal.h usability
configure:20429: gcc -c -g -O2 -Wall -fno-strict-aliasing  conftest.c >&5
configure:20435: $? = 0
configure:20449: result: yes
configure:20453: checking signal.h presence
configure:20468: gcc -E  conftest.c
configure:20474: $? = 0
configure:20488: result: yes
configure:20516: checking for signal.h
configure:20524: result: yes
configure:20402: checking for unistd.h
configure:20408: result: yes
configure:20412: checking sys/epoll.h usability
configure:20429: gcc -c -g -O2 -Wall -fno-strict-aliasing  conftest.c >&5
configure:20435: $? = 0
configure:20449: result: yes
configure:20453: checking sys/epoll.h presence
configure:20468: gcc -E  conftest.c
configure:20474: $? = 0
configure:20488: result: yes
configure:20516: checking for sys/epoll.h
configure:20524: result: yes
configure:20412: checking sys/time.h usability
configure:20429: gcc -c -g -O2 -Wall -fno-strict-aliasing  conftest.c >&5
configure:20435: $? = 0
configure:20449: result: yes
configure:20453: checking sys/time.h presence
configure:20468: gcc -E  conftest.c
configure:20474: $? = 0
configure:20488: result: yes
configure:20516: checking for sys/time.h
configure:20524: result: yes
configure:20412: checking sys/queue.h usability
configure:20429: gcc -c -g -O2 -Wall -fno-strict-aliasing  conftest.c >&5
configure:20435: $? = 0
configure:20449: result: yes
configure:20453: checking sys/queue.h presence
configure:20468: gcc -E  conftest.c
configure:20474: $? = 0
configure:20488: result: yes
configure:20516: checking for sys/queue.h
configure:20524: result: yes
configure:20412: checking sys/event.h usability
configure:20429: gcc -c -g -O2 -Wall -fno-strict-aliasing  conftest.c >&5
conftest.c:69:23: fatal error: sys/event.h: No such file or directory
 #include <sys/event.h>
                       ^
compilation terminated.
configure:20435: $? = 1
configure: failed program was:
| /* confdefs.h.  */
| #define PACKAGE_NAME ""
| #define PACKAGE_TARNAME ""
| #define PACKAGE_VERSION ""
| #define PACKAGE_STRING ""
| #define PACKAGE_BUGREPORT ""
| #define PACKAGE "libevent"
| #define VERSION "1.4.14-stable"
| #define NUMERIC_VERSION 0x01040e00
| #define STDC_HEADERS 1
| #define HAVE_SYS_TYPES_H 1
| #define HAVE_SYS_STAT_H 1
| #define HAVE_STDLIB_H 1
| #define HAVE_STRING_H 1
| #define HAVE_MEMORY_H 1
| #define HAVE_STRINGS_H 1
| #define HAVE_INTTYPES_H 1
| #define HAVE_STDINT_H 1
| #define HAVE_UNISTD_H 1
| #define HAVE_DLFCN_H 1
| #define HAVE_LIBRESOLV 1
| #define HAVE_LIBRT 1
| #define HAVE_LIBNSL 1
| #define STDC_HEADERS 1
| #define HAVE_FCNTL_H 1
| #define HAVE_STDARG_H 1
| #define HAVE_INTTYPES_H 1
| #define HAVE_STDINT_H 1
| #define HAVE_POLL_H 1
| #define HAVE_SIGNAL_H 1
| #define HAVE_UNISTD_H 1
| #define HAVE_SYS_EPOLL_H 1
| #define HAVE_SYS_TIME_H 1
| #define HAVE_SYS_QUEUE_H 1
| /* end confdefs.h.  */
| #include <stdio.h>
| #ifdef HAVE_SYS_TYPES_H
| # include <sys/types.h>
| #endif
| #ifdef HAVE_SYS_STAT_H
| # include <sys/stat.h>
| #endif
| #ifdef STDC_HEADERS
| # include <stdlib.h>
| # include <stddef.h>
| #else
| # ifdef HAVE_STDLIB_H
| #  include <stdlib.h>
| # endif
| #endif
| #ifdef HAVE_STRING_H
| # if !defined STDC_HEADERS && defined HAVE_MEMORY_H
| #  include <memory.h>
| # endif
| # include <string.h>
| #endif
| #ifdef HAVE_STRINGS_H
| # include <strings.h>
| #endif
| #ifdef HAVE_INTTYPES_H
| # include <inttypes.h>
| #endif
| #ifdef HAVE_STDINT_H
| # include <stdint.h>
| #endif
| #ifdef HAVE_UNISTD_H
| # include <unistd.h>
| #endif
| #include <sys/event.h>
configure:20449: result: no
configure:20453: checking sys/event.h presence
configure:20468: gcc -E  conftest.c
conftest.c:36:23: fatal error: sys/event.h: No such file or directory
 #include <sys/event.h>
                       ^
compilation terminated.
configure:20474: $? = 1
configure: failed program was:
| /* confdefs.h.  */
| #define PACKAGE_NAME ""
| #define PACKAGE_TARNAME ""
| #define PACKAGE_VERSION ""
| #define PACKAGE_STRING ""
| #define PACKAGE_BUGREPORT ""
| #define PACKAGE "libevent"
| #define VERSION "1.4.14-stable"
| #define NUMERIC_VERSION 0x01040e00
| #define STDC_HEADERS 1
| #define HAVE_SYS_TYPES_H 1
| #define HAVE_SYS_STAT_H 1
| #define HAVE_STDLIB_H 1
| #define HAVE_STRING_H 1
| #define HAVE_MEMORY_H 1
| #define HAVE_STRINGS_H 1
| #define HAVE_INTTYPES_H 1
| #define HAVE_STDINT_H 1
| #define HAVE_UNISTD_H 1
| #define HAVE_DLFCN_H 1
| #define HAVE_LIBRESOLV 1
| #define HAVE_LIBRT 1
| #define HAVE_LIBNSL 1
| #define STDC_HEADERS 1
| #define HAVE_FCNTL_H 1
| #define HAVE_STDARG_H 1
| #define HAVE_INTTYPES_H 1
| #define HAVE_STDINT_H 1
| #define HAVE_POLL_H 1
| #define HAVE_SIGNAL_H 1
| #define HAVE_UNISTD_H 1
| #define HAVE_SYS_EPOLL_H 1
| #define HAVE_SYS_TIME_H 1
| #define HAVE_SYS_QUEUE_H 1
| /* end confdefs.h.  */
| #include <sys/event.h>
configure:20488: result: no
configure:20516: checking for sys/event.h
configure:20524: result: no
configure:20412: checking sys/param.h usability
configure:20429: gcc -c -g -O2 -Wall -fno-strict-aliasing  conftest.c >&5
configure:20435: $? = 0
configure:20449: result: yes
configure:20453: checking sys/param.h presence
configure:20468: gcc -E  conftest.c
configure:20474: $? = 0
configure:20488: result: yes
configure:20516: checking for sys/param.h
configure:20524: result: yes
configure:20412: checking sys/ioctl.h usability
configure:20429: gcc -c -g -O2 -Wall -fno-strict-aliasing  conftest.c >&5
configure:20435: $? = 0
configure:20449: result: yes
configure:20453: checking sys/ioctl.h presence
configure:20468: gcc -E  conftest.c
configure:20474: $? = 0
configure:20488: result: yes
configure:20516: checking for sys/ioctl.h
configure:20524: result: yes
configure:20412: checking sys/select.h usability
configure:20429: gcc -c -g -O2 -Wall -fno-strict-aliasing  conftest.c >&5
configure:20435: $? = 0
configure:20449: result: yes
configure:20453: checking sys/select.h presence
configure:20468: gcc -E  conftest.c
configure:20474: $? = 0
configure:20488: result: yes
configure:20516: checking for sys/select.h
configure:20524: result: yes
configure:20412: checking sys/devpoll.h usability
configure:20429: gcc -c -g -O2 -Wall -fno-strict-aliasing  conftest.c >&5
conftest.c:72:25: fatal error: sys/devpoll.h: No such file or directory
 #include <sys/devpoll.h>
                         ^
compilation terminated.
configure:20435: $? = 1
configure: failed program was:
| /* confdefs.h.  */
| #define PACKAGE_NAME ""
| #define PACKAGE_TARNAME ""
| #define PACKAGE_VERSION ""
| #define PACKAGE_STRING ""
| #define PACKAGE_BUGREPORT ""
| #define PACKAGE "libevent"
| #define VERSION "1.4.14-stable"
| #define NUMERIC_VERSION 0x01040e00
| #define STDC_HEADERS 1
| #define HAVE_SYS_TYPES_H 1
| #define HAVE_SYS_STAT_H 1
| #define HAVE_STDLIB_H 1
| #define HAVE_STRING_H 1
| #define HAVE_MEMORY_H 1
| #define HAVE_STRINGS_H 1
| #define HAVE_INTTYPES_H 1
| #define HAVE_STDINT_H 1
| #define HAVE_UNISTD_H 1
| #define HAVE_DLFCN_H 1
| #define HAVE_LIBRESOLV 1
| #define HAVE_LIBRT 1
| #define HAVE_LIBNSL 1
| #define STDC_HEADERS 1
| #define HAVE_FCNTL_H 1
| #define HAVE_STDARG_H 1
| #define HAVE_INTTYPES_H 1
| #define HAVE_STDINT_H 1
| #define HAVE_POLL_H 1
| #define HAVE_SIGNAL_H 1
| #define HAVE_UNISTD_H 1
| #define HAVE_SYS_EPOLL_H 1
| #define HAVE_SYS_TIME_H 1
| #define HAVE_SYS_QUEUE_H 1
| #define HAVE_SYS_PARAM_H 1
| #define HAVE_SYS_IOCTL_H 1
| #define HAVE_SYS_SELECT_H 1
| /* end confdefs.h.  */
| #include <stdio.h>
| #ifdef HAVE_SYS_TYPES_H
| # include <sys/types.h>
| #endif
| #ifdef HAVE_SYS_STAT_H
| # include <sys/stat.h>
| #endif
| #ifdef STDC_HEADERS
| # include <stdlib.h>
| # include <stddef.h>
| #else
| # ifdef HAVE_STDLIB_H
| #  include <stdlib.h>
| # endif
| #endif
| #ifdef HAVE_STRING_H
| # if !defined STDC_HEADERS && defined HAVE_MEMORY_H
| #  include <memory.h>
| # endif
| # include <string.h>
| #endif
| #ifdef HAVE_STRINGS_H
| # include <strings.h>
| #endif
| #ifdef HAVE_INTTYPES_H
| # include <inttypes.h>
| #endif
| #ifdef HAVE_STDINT_H
| # include <stdint.h>
| #endif
| #ifdef HAVE_UNISTD_H
| # include <unistd.h>
| #endif
| #include <sys/devpoll.h>
configure:20449: result: no
configure:20453: checking sys/devpoll.h presence
configure:20468: gcc -E  conftest.c
conftest.c:39:25: fatal error: sys/devpoll.h: No such file or directory
 #include <sys/devpoll.h>
                         ^
compilation terminated.
configure:20474: $? = 1
configure: failed program was:
| /* confdefs.h.  */
| #define PACKAGE_NAME ""
| #define PACKAGE_TARNAME ""
| #define PACKAGE_VERSION ""
| #define PACKAGE_STRING ""
| #define PACKAGE_BUGREPORT ""
| #define PACKAGE "libevent"
| #define VERSION "1.4.14-stable"
| #define NUMERIC_VERSION 0x01040e00
| #define STDC_HEADERS 1
| #define HAVE_SYS_TYPES_H 1
| #define HAVE_SYS_STAT_H 1
| #define HAVE_STDLIB_H 1
| #define HAVE_STRING_H 1
| #define HAVE_MEMORY_H 1
| #define HAVE_STRINGS_H 1
| #define HAVE_INTTYPES_H 1
| #define HAVE_STDINT_H 1
| #define HAVE_UNISTD_H 1
| #define HAVE_DLFCN_H 1
| #define HAVE_LIBRESOLV 1
| #define HAVE_LIBRT 1
| #define HAVE_LIBNSL 1
| #define STDC_HEADERS 1
| #define HAVE_FCNTL_H 1
| #define HAVE_STDARG_H 1
| #define HAVE_INTTYPES_H 1
| #define HAVE_STDINT_H 1
| #define HAVE_POLL_H 1
| #define HAVE_SIGNAL_H 1
| #define HAVE_UNISTD_H 1
| #define HAVE_SYS_EPOLL_H 1
| #define HAVE_SYS_TIME_H 1
| #define HAVE_SYS_QUEUE_H 1
| #define HAVE_SYS_PARAM_H 1
| #define HAVE_SYS_IOCTL_H 1
| #define HAVE_SYS_SELECT_H 1
| /* end confdefs.h.  */
| #include <sys/devpoll.h>
configure:20488: result: no
configure:20516: checking for sys/devpoll.h
configure:20524: result: no
configure:20412: checking port.h usability
configure:20429: gcc -c -g -O2 -Wall -fno-strict-aliasing  conftest.c >&5
conftest.c:72:18: fatal error: port.h: No such file or directory
 #include <port.h>
                  ^
compilation terminated.
configure:20435: $? = 1
configure: failed program was:
| /* confdefs.h.  */
| #define PACKAGE_NAME ""
| #define PACKAGE_TARNAME ""
| #define PACKAGE_VERSION ""
| #define PACKAGE_STRING ""
| #define PACKAGE_BUGREPORT ""
| #define PACKAGE "libevent"
| #define VERSION "1.4.14-stable"
| #define NUMERIC_VERSION 0x01040e00
| #define STDC_HEADERS 1
| #define HAVE_SYS_TYPES_H 1
| #define HAVE_SYS_STAT_H 1
| #define HAVE_STDLIB_H 1
| #define HAVE_STRING_H 1
| #define HAVE_MEMORY_H 1
| #define HAVE_STRINGS_H 1
| #define HAVE_INTTYPES_H 1
| #define HAVE_STDINT_H 1
| #define HAVE_UNISTD_H 1
| #define HAVE_DLFCN_H 1
| #define HAVE_LIBRESOLV 1
| #define HAVE_LIBRT 1
| #define HAVE_LIBNSL 1
| #define STDC_HEADERS 1
| #define HAVE_FCNTL_H 1
| #define HAVE_STDARG_H 1
| #define HAVE_INTTYPES_H 1
| #define HAVE_STDINT_H 1
| #define HAVE_POLL_H 1
| #define HAVE_SIGNAL_H 1
| #define HAVE_UNISTD_H 1
| #define HAVE_SYS_EPOLL_H 1
| #define HAVE_SYS_TIME_H 1
| #define HAVE_SYS_QUEUE_H 1
| #define HAVE_SYS_PARAM_H 1
| #define HAVE_SYS_IOCTL_H 1
| #define HAVE_SYS_SELECT_H 1
| /* end confdefs.h.  */
| #include <stdio.h>
| #ifdef HAVE_SYS_TYPES_H
| # include <sys/types.h>
| #endif
| #ifdef HAVE_SYS_STAT_H
| # include <sys/stat.h>
| #endif
| #ifdef STDC_HEADERS
| # include <stdlib.h>
| # include <stddef.h>
| #else
| # ifdef HAVE_STDLIB_H
| #  include <stdlib.h>
| # endif
| #endif
| #ifdef HAVE_STRING_H
| # if !defined STDC_HEADERS && defined HAVE_MEMORY_H
| #  include <memory.h>
| # endif
| # include <string.h>
| #endif
| #ifdef HAVE_STRINGS_H
| # include <strings.h>
| #endif
| #ifdef HAVE_INTTYPES_H
| # include <inttypes.h>
| #endif
| #ifdef HAVE_STDINT_H
| # include <stdint.h>
| #endif
| #ifdef HAVE_UNISTD_H
| # include <unistd.h>
| #endif
| #include <port.h>
configure:20449: result: no
configure:20453: checking port.h presence
configure:20468: gcc -E  conftest.c
conftest.c:39:18: fatal error: port.h: No such file or directory
 #include <port.h>
                  ^
compilation terminated.
configure:20474: $? = 1
configure: failed program was:
| /* confdefs.h.  */
| #define PACKAGE_NAME ""
| #define PACKAGE_TARNAME ""
| #define PACKAGE_VERSION ""
| #define PACKAGE_STRING ""
| #define PACKAGE_BUGREPORT ""
| #define PACKAGE "libevent"
| #define VERSION "1.4.14-stable"
| #define NUMERIC_VERSION 0x01040e00
| #define STDC_HEADERS 1
| #define HAVE_SYS_TYPES_H 1
| #define HAVE_SYS_STAT_H 1
| #define HAVE_STDLIB_H 1
| #define HAVE_STRING_H 1
| #define HAVE_MEMORY_H 1
| #define HAVE_STRINGS_H 1
| #define HAVE_INTTYPES_H 1
| #define HAVE_STDINT_H 1
| #define HAVE_UNISTD_H 1
| #define HAVE_DLFCN_H 1
| #define HAVE_LIBRESOLV 1
| #define HAVE_LIBRT 1
| #define HAVE_LIBNSL 1
| #define STDC_HEADERS 1
| #define HAVE_FCNTL_H 1
| #define HAVE_STDARG_H 1
| #define HAVE_INTTYPES_H 1
| #define HAVE_STDINT_H 1
| #define HAVE_POLL_H 1
| #define HAVE_SIGNAL_H 1
| #define HAVE_UNISTD_H 1
| #define HAVE_SYS_EPOLL_H 1
| #define HAVE_SYS_TIME_H 1
| #define HAVE_SYS_QUEUE_H 1
| #define HAVE_SYS_PARAM_H 1
| #define HAVE_SYS_IOCTL_H 1
| #define HAVE_SYS_SELECT_H 1
| /* end confdefs.h.  */
| #include <port.h>
configure:20488: result: no
configure:20516: checking for port.h
configure:20524: result: no
configure:20412: checking netinet/in6.h usability
configure:20429: gcc -c -g -O2 -Wall -fno-strict-aliasing  conftest.c >&5
conftest.c:72:25: fatal error: netinet/in6.h: No such file or directory
 #include <netinet/in6.h>
                         ^
compilation terminated.
configure:20435: $? = 1
configure: failed program was:
| /* confdefs.h.  */
| #define PACKAGE_NAME ""
| #define PACKAGE_TARNAME ""
| #define PACKAGE_VERSION ""
| #define PACKAGE_STRING ""
| #define PACKAGE_BUGREPORT ""
| #define PACKAGE "libevent"
| #define VERSION "1.4.14-stable"
| #define NUMERIC_VERSION 0x01040e00
| #define STDC_HEADERS 1
| #define HAVE_SYS_TYPES_H 1
| #define HAVE_SYS_STAT_H 1
| #define HAVE_STDLIB_H 1
| #define HAVE_STRING_H 1
| #define HAVE_MEMORY_H 1
| #define HAVE_STRINGS_H 1
| #define HAVE_INTTYPES_H 1
| #define HAVE_STDINT_H 1
| #define HAVE_UNISTD_H 1
| #define HAVE_DLFCN_H 1
| #define HAVE_LIBRESOLV 1
| #define HAVE_LIBRT 1
| #define HAVE_LIBNSL 1
| #define STDC_HEADERS 1
| #define HAVE_FCNTL_H 1
| #define HAVE_STDARG_H 1
| #define HAVE_INTTYPES_H 1
| #define HAVE_STDINT_H 1
| #define HAVE_POLL_H 1
| #define HAVE_SIGNAL_H 1
| #define HAVE_UNISTD_H 1
| #define HAVE_SYS_EPOLL_H 1
| #define HAVE_SYS_TIME_H 1
| #define HAVE_SYS_QUEUE_H 1
| #define HAVE_SYS_PARAM_H 1
| #define HAVE_SYS_IOCTL_H 1
| #define HAVE_SYS_SELECT_H 1
| /* end confdefs.h.  */
| #include <stdio.h>
| #ifdef HAVE_SYS_TYPES_H
| # include <sys/types.h>
| #endif
| #ifdef HAVE_SYS_STAT_H
| # include <sys/stat.h>
| #endif
| #ifdef STDC_HEADERS
| # include <stdlib.h>
| # include <stddef.h>
| #else
| # ifdef HAVE_STDLIB_H
| #  include <stdlib.h>
| # endif
| #endif
| #ifdef HAVE_STRING_H
| # if !defined STDC_HEADERS && defined HAVE_MEMORY_H
| #  include <memory.h>
| # endif
| # include <string.h>
| #endif
| #ifdef HAVE_STRINGS_H
| # include <strings.h>
| #endif
| #ifdef HAVE_INTTYPES_H
| # include <inttypes.h>
| #endif
| #ifdef HAVE_STDINT_H
| # include <stdint.h>
| #endif
| #ifdef HAVE_UNISTD_H
| # include <unistd.h>
| #endif
| #include <netinet/in6.h>
configure:20449: result: no
configure:20453: checking netinet/in6.h presence
configure:20468: gcc -E  conftest.c
conftest.c:39:25: fatal error: netinet/in6.h: No such file or directory
 #include <netinet/in6.h>
                         ^
compilation terminated.
configure:20474: $? = 1
configure: failed program was:
| /* confdefs.h.  */
| #define PACKAGE_NAME ""
| #define PACKAGE_TARNAME ""
| #define PACKAGE_VERSION ""
| #define PACKAGE_STRING ""
| #define PACKAGE_BUGREPORT ""
| #define PACKAGE "libevent"
| #define VERSION "1.4.14-stable"
| #define NUMERIC_VERSION 0x01040e00
| #define STDC_HEADERS 1
| #define HAVE_SYS_TYPES_H 1
| #define HAVE_SYS_STAT_H 1
| #define HAVE_STDLIB_H 1
| #define HAVE_STRING_H 1
| #define HAVE_MEMORY_H 1
| #define HAVE_STRINGS_H 1
| #define HAVE_INTTYPES_H 1
| #define HAVE_STDINT_H 1
| #define HAVE_UNISTD_H 1
| #define HAVE_DLFCN_H 1
| #define HAVE_LIBRESOLV 1
| #define HAVE_LIBRT 1
| #define HAVE_LIBNSL 1
| #define STDC_HEADERS 1
| #define HAVE_FCNTL_H 1
| #define HAVE_STDARG_H 1
| #define HAVE_INTTYPES_H 1
| #define HAVE_STDINT_H 1
| #define HAVE_POLL_H 1
| #define HAVE_SIGNAL_H 1
| #define HAVE_UNISTD_H 1
| #define HAVE_SYS_EPOLL_H 1
| #define HAVE_SYS_TIME_H 1
| #define HAVE_SYS_QUEUE_H 1
| #define HAVE_SYS_PARAM_H 1
| #define HAVE_SYS_IOCTL_H 1
| #define HAVE_SYS_SELECT_H 1
| /* end confdefs.h.  */
| #include <netinet/in6.h>
configure:20488: result: no
configure:20516: checking for netinet/in6.h
configure:20524: result: no
configure:20412: checking sys/socket.h usability
configure:20429: gcc -c -g -O2 -Wall -fno-strict-aliasing  conftest.c >&5
configure:20435: $? = 0
configure:20449: result: yes
configure:20453: checking sys/socket.h presence
configure:20468: gcc -E  conftest.c
configure:20474: $? = 0
configure:20488: result: yes
configure:20516: checking for sys/socket.h
configure:20524: result: yes
configure:20538: checking for TAILQ_FOREACH in sys/queue.h
configure:20555: result: yes
configure:20572: checking for timeradd in sys/time.h
configure:20594: result: yes
configure:20606: checking for timercmp in sys/time.h
configure:20628: result: yes
configure:20640: checking for timerclear in sys/time.h
configure:20662: result: yes
configure:20674: checking for timerisset in sys/time.h
configure:20696: result: yes
configure:20707: checking for WIN32
configure:20734: gcc -c -g -O2 -Wall -fno-strict-aliasing  conftest.c >&5
conftest.c: In function 'main':
conftest.c:51:1: error: unknown type name 'die'
 die horribly
 ^
conftest.c:51:5: warning: unused variable 'horribly' [-Wunused-variable]
 die horribly
     ^
configure:20740: $? = 1
configure: failed program was:
| /* confdefs.h.  */
| #define PACKAGE_NAME ""
| #define PACKAGE_TARNAME ""
| #define PACKAGE_VERSION ""
| #define PACKAGE_STRING ""
| #define PACKAGE_BUGREPORT ""
| #define PACKAGE "libevent"
| #define VERSION "1.4.14-stable"
| #define NUMERIC_VERSION 0x01040e00
| #define STDC_HEADERS 1
| #define HAVE_SYS_TYPES_H 1
| #define HAVE_SYS_STAT_H 1
| #define HAVE_STDLIB_H 1
| #define HAVE_STRING_H 1
| #define HAVE_MEMORY_H 1
| #define HAVE_STRINGS_H 1
| #define HAVE_INTTYPES_H 1
| #define HAVE_STDINT_H 1
| #define HAVE_UNISTD_H 1
| #define HAVE_DLFCN_H 1
| #define HAVE_LIBRESOLV 1
| #define HAVE_LIBRT 1
| #define HAVE_LIBNSL 1
| #define STDC_HEADERS 1
| #define HAVE_FCNTL_H 1
| #define HAVE_STDARG_H 1
| #define HAVE_INTTYPES_H 1
| #define HAVE_STDINT_H 1
| #define HAVE_POLL_H 1
| #define HAVE_SIGNAL_H 1
| #define HAVE_UNISTD_H 1
| #define HAVE_SYS_EPOLL_H 1
| #define HAVE_SYS_TIME_H 1
| #define HAVE_SYS_QUEUE_H 1
| #define HAVE_SYS_PARAM_H 1
| #define HAVE_SYS_IOCTL_H 1
| #define HAVE_SYS_SELECT_H 1
| #define HAVE_SYS_SOCKET_H 1
| #define HAVE_TAILQFOREACH 1
| #define HAVE_TIMERADD 1
| #define HAVE_TIMERCMP 1
| #define HAVE_TIMERCLEAR 1
| #define HAVE_TIMERISSET 1
| /* end confdefs.h.  */
| 
| int
| main ()
| {
| 
| #ifndef WIN32
| die horribly
| #endif
| 
|   ;
|   return 0;
| }
configure:20751: result: no
configure:20766: checking for an ANSI C-conforming const
configure:20841: gcc -c -g -O2 -Wall -fno-strict-aliasing  conftest.c >&5
conftest.c: In function 'main':
conftest.c:74:7: warning: 't' is used uninitialized in this function [-Wuninitialized]
     *t++ = 0;
       ^
conftest.c:96:13: warning: 'cs[0]' is used uninitialized in this function [-Wuninitialized]
   return !cs[0] && !zero.x;
             ^
configure:20847: $? = 0
configure:20862: result: yes
configure:20872: checking for inline
configure:20898: gcc -c -g -O2 -Wall -fno-strict-aliasing  conftest.c >&5
configure:20904: $? = 0
configure:20922: result: inline
configure:20941: checking whether time.h and sys/time.h may both be included
configure:20971: gcc -c -g -O2 -Wall -fno-strict-aliasing  conftest.c >&5
configure:20977: $? = 0
configure:20992: result: yes
configure:21022: checking for gettimeofday
configure:21078: gcc -o conftest -g -O2 -Wall -fno-strict-aliasing   conftest.c -lnsl -lrt -lresolv  >&5
configure:21084: $? = 0
configure:21102: result: yes
configure:21022: checking for vasprintf
configure:21078: gcc -o conftest -g -O2 -Wall -fno-strict-aliasing   conftest.c -lnsl -lrt -lresolv  >&5
configure:21084: $? = 0
configure:21102: result: yes
configure:21022: checking for fcntl
configure:21078: gcc -o conftest -g -O2 -Wall -fno-strict-aliasing   conftest.c -lnsl -lrt -lresolv  >&5
configure:21084: $? = 0
configure:21102: result: yes
configure:21022: checking for clock_gettime
configure:21078: gcc -o conftest -g -O2 -Wall -fno-strict-aliasing   conftest.c -lnsl -lrt -lresolv  >&5
configure:21084: $? = 0
configure:21102: result: yes
configure:21022: checking for strtok_r
configure:21078: gcc -o conftest -g -O2 -Wall -fno-strict-aliasing   conftest.c -lnsl -lrt -lresolv  >&5
configure:21084: $? = 0
configure:21102: result: yes
configure:21022: checking for strsep
configure:21078: gcc -o conftest -g -O2 -Wall -fno-strict-aliasing   conftest.c -lnsl -lrt -lresolv  >&5
configure:21084: $? = 0
configure:21102: result: yes
configure:21022: checking for getaddrinfo
configure:21078: gcc -o conftest -g -O2 -Wall -fno-strict-aliasing   conftest.c -lnsl -lrt -lresolv  >&5
configure:21084: $? = 0
configure:21102: result: yes
configure:21022: checking for getnameinfo
configure:21078: gcc -o conftest -g -O2 -Wall -fno-strict-aliasing   conftest.c -lnsl -lrt -lresolv  >&5
configure:21084: $? = 0
configure:21102: result: yes
configure:21022: checking for strlcpy
configure:21078: gcc -o conftest -g -O2 -Wall -fno-strict-aliasing   conftest.c -lnsl -lrt -lresolv  >&5
/tmp/ccQ02wkq.o: In function `main':
/home/dodng/lab/comse/core/libevent-1.4.14-stable/conftest.c:88: undefined reference to `strlcpy'
collect2: error: ld returned 1 exit status
configure:21084: $? = 1
configure: failed program was:
| /* confdefs.h.  */
| #define PACKAGE_NAME ""
| #define PACKAGE_TARNAME ""
| #define PACKAGE_VERSION ""
| #define PACKAGE_STRING ""
| #define PACKAGE_BUGREPORT ""
| #define PACKAGE "libevent"
| #define VERSION "1.4.14-stable"
| #define NUMERIC_VERSION 0x01040e00
| #define STDC_HEADERS 1
| #define HAVE_SYS_TYPES_H 1
| #define HAVE_SYS_STAT_H 1
| #define HAVE_STDLIB_H 1
| #define HAVE_STRING_H 1
| #define HAVE_MEMORY_H 1
| #define HAVE_STRINGS_H 1
| #define HAVE_INTTYPES_H 1
| #define HAVE_STDINT_H 1
| #define HAVE_UNISTD_H 1
| #define HAVE_DLFCN_H 1
| #define HAVE_LIBRESOLV 1
| #define HAVE_LIBRT 1
| #define HAVE_LIBNSL 1
| #define STDC_HEADERS 1
| #define HAVE_FCNTL_H 1
| #define HAVE_STDARG_H 1
| #define HAVE_INTTYPES_H 1
| #define HAVE_STDINT_H 1
| #define HAVE_POLL_H 1
| #define HAVE_SIGNAL_H 1
| #define HAVE_UNISTD_H 1
| #define HAVE_SYS_EPOLL_H 1
| #define HAVE_SYS_TIME_H 1
| #define HAVE_SYS_QUEUE_H 1
| #define HAVE_SYS_PARAM_H 1
| #define HAVE_SYS_IOCTL_H 1
| #define HAVE_SYS_SELECT_H 1
| #define HAVE_SYS_SOCKET_H 1
| #define HAVE_TAILQFOREACH 1
| #define HAVE_TIMERADD 1
| #define HAVE_TIMERCMP 1
| #define HAVE_TIMERCLEAR 1
| #define HAVE_TIMERISSET 1
| #define TIME_WITH_SYS_TIME 1
| #define HAVE_GETTIMEOFDAY 1
| #define HAVE_VASPRINTF 1
| #define HAVE_FCNTL 1
| #define HAVE_CLOCK_GETTIME 1
| #define HAVE_STRTOK_R 1
| #define HAVE_STRSEP 1
| #define HAVE_GETADDRINFO 1
| #define HAVE_GETNAMEINFO 1
| /* end confdefs.h.  */
| /* Define strlcpy to an innocuous variant, in case <limits.h> declares strlcpy.
|    For example, HP-UX 11i <limits.h> declares gettimeofday.  */
| #define strlcpy innocuous_strlcpy
| 
| /* System header to define __stub macros and hopefully few prototypes,
|     which can conflict with char strlcpy (); below.
|     Prefer <limits.h> to <assert.h> if __STDC__ is defined, since
|     <limits.h> exists even on freestanding compilers.  */
| 
| #ifdef __STDC__
| # include <limits.h>
| #else
| # include <assert.h>
| #endif
| 
| #undef strlcpy
| 
| /* Override any GCC internal prototype to avoid an error.
|    Use char because int might match the return type of a GCC
|    builtin and then its argument prototype would still apply.  */
| #ifdef __cplusplus
| extern "C"
| #endif
| char strlcpy ();
| /* The GNU C library defines this for functions which it implements
|     to always fail with ENOSYS.  Some functions are actually named
|     something starting with __ and the normal name is an alias.  */
| #if defined __stub_strlcpy || defined __stub___strlcpy
| choke me
| #endif
| 
| int
| main ()
| {
| return strlcpy ();
|   ;
|   return 0;
| }
configure:21102: result: no
configure:21022: checking for inet_ntop
configure:21078: gcc -o conftest -g -O2 -Wall -fno-strict-aliasing   conftest.c -lnsl -lrt -lresolv  >&5
configure:21084: $? = 0
configure:21102: result: yes
configure:21022: checking for signal
configure:21078: gcc -o conftest -g -O2 -Wall -fno-strict-aliasing   conftest.c -lnsl -lrt -lresolv  >&5
configure:21084: $? = 0
configure:21102: result: yes
configure:21022: checking for sigaction
configure:21078: gcc -o conftest -g -O2 -Wall -fno-strict-aliasing   conftest.c -lnsl -lrt -lresolv  >&5
configure:21084: $? = 0
configure:21102: result: yes
configure:21022: checking for strtoll
configure:21078: gcc -o conftest -g -O2 -Wall -fno-strict-aliasing   conftest.c -lnsl -lrt -lresolv  >&5
configure:21084: $? = 0
configure:21102: result: yes
configure:21022: checking for issetugid
configure:21078: gcc -o conftest -g -O2 -Wall -fno-strict-aliasing   conftest.c -lnsl -lrt -lresolv  >&5
/tmp/cchcu4RH.o: In function `main':
/home/dodng/lab/comse/core/libevent-1.4.14-stable/conftest.c:92: undefined reference to `issetugid'
collect2: error: ld returned 1 exit status
configure:21084: $? = 1
configure: failed program was:
| /* confdefs.h.  */
| #define PACKAGE_NAME ""
| #define PACKAGE_TARNAME ""
| #define PACKAGE_VERSION ""
| #define PACKAGE_STRING ""
| #define PACKAGE_BUGREPORT ""
| #define PACKAGE "libevent"
| #define VERSION "1.4.14-stable"
| #define NUMERIC_VERSION 0x01040e00
| #define STDC_HEADERS 1
| #define HAVE_SYS_TYPES_H 1
| #define HAVE_SYS_STAT_H 1
| #define HAVE_STDLIB_H 1
| #define HAVE_STRING_H 1
| #define HAVE_MEMORY_H 1
| #define HAVE_STRINGS_H 1
| #define HAVE_INTTYPES_H 1
| #define HAVE_STDINT_H 1
| #define HAVE_UNISTD_H 1
| #define HAVE_DLFCN_H 1
| #define HAVE_LIBRESOLV 1
| #define HAVE_LIBRT 1
| #define HAVE_LIBNSL 1
| #define STDC_HEADERS 1
| #define HAVE_FCNTL_H 1
| #define HAVE_STDARG_H 1
| #define HAVE_INTTYPES_H 1
| #define HAVE_STDINT_H 1
| #define HAVE_POLL_H 1
| #define HAVE_SIGNAL_H 1
| #define HAVE_UNISTD_H 1
| #define HAVE_SYS_EPOLL_H 1
| #define HAVE_SYS_TIME_H 1
| #define HAVE_SYS_QUEUE_H 1
| #define HAVE_SYS_PARAM_H 1
| #define HAVE_SYS_IOCTL_H 1
| #define HAVE_SYS_SELECT_H 1
| #define HAVE_SYS_SOCKET_H 1
| #define HAVE_TAILQFOREACH 1
| #define HAVE_TIMERADD 1
| #define HAVE_TIMERCMP 1
| #define HAVE_TIMERCLEAR 1
| #define HAVE_TIMERISSET 1
| #define TIME_WITH_SYS_TIME 1
| #define HAVE_GETTIMEOFDAY 1
| #define HAVE_VASPRINTF 1
| #define HAVE_FCNTL 1
| #define HAVE_CLOCK_GETTIME 1
| #define HAVE_STRTOK_R 1
| #define HAVE_STRSEP 1
| #define HAVE_GETADDRINFO 1
| #define HAVE_GETNAMEINFO 1
| #define HAVE_INET_NTOP 1
| #define HAVE_SIGNAL 1
| #define HAVE_SIGACTION 1
| #define HAVE_STRTOLL 1
| /* end confdefs.h.  */
| /* Define issetugid to an innocuous variant, in case <limits.h> declares issetugid.
|    For example, HP-UX 11i <limits.h> declares gettimeofday.  */
| #define issetugid innocuous_issetugid
| 
| /* System header to define __stub macros and hopefully few prototypes,
|     which can conflict with char issetugid (); below.
|     Prefer <limits.h> to <assert.h> if __STDC__ is defined, since
|     <limits.h> exists even on freestanding compilers.  */
| 
| #ifdef __STDC__
| # include <limits.h>
| #else
| # include <assert.h>
| #endif
| 
| #undef issetugid
| 
| /* Override any GCC internal prototype to avoid an error.
|    Use char because int might match the return type of a GCC
|    builtin and then its argument prototype would still apply.  */
| #ifdef __cplusplus
| extern "C"
| #endif
| char issetugid ();
| /* The GNU C library defines this for functions which it implements
|     to always fail with ENOSYS.  Some functions are actually named
|     something starting with __ and the normal name is an alias.  */
| #if defined __stub_issetugid || defined __stub___issetugid
| choke me
| #endif
| 
| int
| main ()
| {
| return issetugid ();
|   ;
|   return 0;
| }
configure:21102: result: no
configure:21022: checking for geteuid
configure:21078: gcc -o conftest -g -O2 -Wall -fno-strict-aliasing   conftest.c -lnsl -lrt -lresolv  >&5
configure:21084: $? = 0
configure:21102: result: yes
configure:21022: checking for getegid
configure:21078: gcc -o conftest -g -O2 -Wall -fno-strict-aliasing   conftest.c -lnsl -lrt -lresolv  >&5
configure:21084: $? = 0
configure:21102: result: yes
configure:21113: checking for long
configure:21143: gcc -c -g -O2 -Wall -fno-strict-aliasing  conftest.c >&5
configure:21149: $? = 0
configure:21164: result: yes
configure:21171: checking size of long
configure:21473: gcc -o conftest -g -O2 -Wall -fno-strict-aliasing   conftest.c -lnsl -lrt -lresolv  >&5
configure:21476: $? = 0
configure:21482: ./conftest
configure:21485: $? = 0
configure:21508: result: 4
configure:21533: checking for F_SETFD in fcntl.h
configure:21556: result: yes
configure:21571: checking for select
configure:21627: gcc -o conftest -g -O2 -Wall -fno-strict-aliasing   conftest.c -lnsl -lrt -lresolv  >&5
configure:21633: $? = 0
configure:21651: result: yes
configure:21676: checking for poll
configure:21732: gcc -o conftest -g -O2 -Wall -fno-strict-aliasing   conftest.c -lnsl -lrt -lresolv  >&5
configure:21738: $? = 0
configure:21756: result: yes
configure:21781: checking for epoll_ctl
configure:21837: gcc -o conftest -g -O2 -Wall -fno-strict-aliasing   conftest.c -lnsl -lrt -lresolv  >&5
configure:21843: $? = 0
configure:21861: result: yes
configure:22203: checking for port_create
configure:22259: gcc -o conftest -g -O2 -Wall -fno-strict-aliasing   conftest.c -lnsl -lrt -lresolv  >&5
/tmp/ccZU7wIw.o: In function `main':
/home/dodng/lab/comse/core/libevent-1.4.14-stable/conftest.c:101: undefined reference to `port_create'
collect2: error: ld returned 1 exit status
configure:22265: $? = 1
configure: failed program was:
| /* confdefs.h.  */
| #define PACKAGE_NAME ""
| #define PACKAGE_TARNAME ""
| #define PACKAGE_VERSION ""
| #define PACKAGE_STRING ""
| #define PACKAGE_BUGREPORT ""
| #define PACKAGE "libevent"
| #define VERSION "1.4.14-stable"
| #define NUMERIC_VERSION 0x01040e00
| #define STDC_HEADERS 1
| #define HAVE_SYS_TYPES_H 1
| #define HAVE_SYS_STAT_H 1
| #define HAVE_STDLIB_H 1
| #define HAVE_STRING_H 1
| #define HAVE_MEMORY_H 1
| #define HAVE_STRINGS_H 1
| #define HAVE_INTTYPES_H 1
| #define HAVE_STDINT_H 1
| #define HAVE_UNISTD_H 1
| #define HAVE_DLFCN_H 1
| #define HAVE_LIBRESOLV 1
| #define HAVE_LIBRT 1
| #define HAVE_LIBNSL 1
| #define STDC_HEADERS 1
| #define HAVE_FCNTL_H 1
| #define HAVE_STDARG_H 1
| #define HAVE_INTTYPES_H 1
| #define HAVE_STDINT_H 1
| #define HAVE_POLL_H 1
| #define HAVE_SIGNAL_H 1
| #define HAVE_UNISTD_H 1
| #define HAVE_SYS_EPOLL_H 1
| #define HAVE_SYS_TIME_H 1
| #define HAVE_SYS_QUEUE_H 1
| #define HAVE_SYS_PARAM_H 1
| #define HAVE_SYS_IOCTL_H 1
| #define HAVE_SYS_SELECT_H 1
| #define HAVE_SYS_SOCKET_H 1
| #define HAVE_TAILQFOREACH 1
| #define HAVE_TIMERADD 1
| #define HAVE_TIMERCMP 1
| #define HAVE_TIMERCLEAR 1
| #define HAVE_TIMERISSET 1
| #define TIME_WITH_SYS_TIME 1
| #define HAVE_GETTIMEOFDAY 1
| #define HAVE_VASPRINTF 1
| #define HAVE_FCNTL 1
| #define HAVE_CLOCK_GETTIME 1
| #define HAVE_STRTOK_R 1
| #define HAVE_STRSEP 1
| #define HAVE_GETADDRINFO 1
| #define HAVE_GETNAMEINFO 1
| #define HAVE_INET_NTOP 1
| #define HAVE_SIGNAL 1
| #define HAVE_SIGACTION 1
| #define HAVE_STRTOLL 1
| #define HAVE_GETEUID 1
| #define HAVE_GETEGID 1
| #define SIZEOF_LONG 4
| #define DNS_USE_CPU_CLOCK_FOR_ID 1
| #define HAVE_SETFD 1
| #define HAVE_SELECT 1
| #define HAVE_POLL 1
| #define HAVE_EPOLL_CTL 1
| #define HAVE_EPOLL 1
| /* end confdefs.h.  */
| /* Define port_create to an innocuous variant, in case <limits.h> declares port_create.
|    For example, HP-UX 11i <limits.h> declares gettimeofday.  */
| #define port_create innocuous_port_create
| 
| /* System header to define __stub macros and hopefully few prototypes,
|     which can conflict with char port_create (); below.
|     Prefer <limits.h> to <assert.h> if __STDC__ is defined, since
|     <limits.h> exists even on freestanding compilers.  */
| 
| #ifdef __STDC__
| # include <limits.h>
| #else
| # include <assert.h>
| #endif
| 
| #undef port_create
| 
| /* Override any GCC internal prototype to avoid an error.
|    Use char because int might match the return type of a GCC
|    builtin and then its argument prototype would still apply.  */
| #ifdef __cplusplus
| extern "C"
| #endif
| char port_create ();
| /* The GNU C library defines this for functions which it implements
|     to always fail with ENOSYS.  Some functions are actually named
|     something starting with __ and the normal name is an alias.  */
| #if defined __stub_port_create || defined __stub___port_create
| choke me
| #endif
| 
| int
| main ()
| {
| return port_create ();
|   ;
|   return 0;
| }
configure:22283: result: no
configure:22322: checking for pid_t
configure:22352: gcc -c -g -O2 -Wall -fno-strict-aliasing  conftest.c >&5
configure:22358: $? = 0
configure:22373: result: yes
configure:22385: checking for size_t
configure:22415: gcc -c -g -O2 -Wall -fno-strict-aliasing  conftest.c >&5
configure:22421: $? = 0
configure:22436: result: yes
configure:22448: checking for uint64_t
configure:22486: gcc -c -g -O2 -Wall -fno-strict-aliasing  conftest.c >&5
configure:22492: $? = 0
configure:22507: result: yes
configure:22517: checking for uint32_t
configure:22555: gcc -c -g -O2 -Wall -fno-strict-aliasing  conftest.c >&5
configure:22561: $? = 0
configure:22576: result: yes
configure:22586: checking for uint16_t
configure:22624: gcc -c -g -O2 -Wall -fno-strict-aliasing  conftest.c >&5
configure:22630: $? = 0
configure:22645: result: yes
configure:22655: checking for uint8_t
configure:22693: gcc -c -g -O2 -Wall -fno-strict-aliasing  conftest.c >&5
configure:22699: $? = 0
configure:22714: result: yes
configure:22725: checking for fd_mask
configure:22761: gcc -c -g -O2 -Wall -fno-strict-aliasing  conftest.c >&5
configure:22767: $? = 0
configure:22782: result: yes
configure:22794: checking for long long
configure:22824: gcc -c -g -O2 -Wall -fno-strict-aliasing  conftest.c >&5
configure:22830: $? = 0
configure:22845: result: yes
configure:22852: checking size of long long
configure:23154: gcc -o conftest -g -O2 -Wall -fno-strict-aliasing   conftest.c -lnsl -lrt -lresolv  >&5
configure:23157: $? = 0
configure:23163: ./conftest
configure:23166: $? = 0
configure:23189: result: 8
configure:23199: checking for int
configure:23229: gcc -c -g -O2 -Wall -fno-strict-aliasing  conftest.c >&5
configure:23235: $? = 0
configure:23250: result: yes
configure:23257: checking size of int
configure:23559: gcc -o conftest -g -O2 -Wall -fno-strict-aliasing   conftest.c -lnsl -lrt -lresolv  >&5
configure:23562: $? = 0
configure:23568: ./conftest
configure:23571: $? = 0
configure:23594: result: 4
configure:23604: checking for short
configure:23634: gcc -c -g -O2 -Wall -fno-strict-aliasing  conftest.c >&5
configure:23640: $? = 0
configure:23655: result: yes
configure:23662: checking size of short
configure:23964: gcc -o conftest -g -O2 -Wall -fno-strict-aliasing   conftest.c -lnsl -lrt -lresolv  >&5
configure:23967: $? = 0
configure:23973: ./conftest
configure:23976: $? = 0
configure:23999: result: 2
configure:24009: checking for struct in6_addr
configure:24049: gcc -c -g -O2 -Wall -fno-strict-aliasing  conftest.c >&5
configure:24055: $? = 0
configure:24070: result: yes
configure:24082: checking for socklen_t
configure:24107: gcc -c -g -O2 -Wall -fno-strict-aliasing  conftest.c >&5
conftest.c: In function 'main':
conftest.c:82:11: warning: unused variable 'x' [-Wunused-variable]
 socklen_t x;
           ^
configure:24113: $? = 0
configure:24118: result: yes
configure:24136: checking whether our compiler supports __func__
configure:24159: gcc -c -g -O2 -Wall -fno-strict-aliasing  conftest.c >&5
conftest.c: In function 'main':
conftest.c:80:14: warning: unused variable 'cp' [-Wunused-variable]
  const char *cp = __func__;
              ^
configure:24165: $? = 0
configure:24170: result: yes
configure:24481: creating ./config.status

## ---------------------- ##
## Running config.status. ##
## ---------------------- ##

This file was extended by config.status, which was
generated by GNU Autoconf 2.61.  Invocation command line was

  CONFIG_FILES    = 
  CONFIG_HEADERS  = 
  CONFIG_LINKS    = 
  CONFIG_COMMANDS = 
  $ ./config.status 

on dodng-ThinkPad-X230

config.status:669: creating Makefile
config.status:669: creating test/Makefile
config.status:669: creating sample/Makefile
config.status:669: creating config.h
config.status:1006: executing depfiles commands

## ---------------- ##
## Cache variables. ##
## ---------------- ##

ac_cv_build=i686-pc-linux-gnu
ac_cv_c_compiler_gnu=yes
ac_cv_c_const=yes
ac_cv_c_inline=inline
ac_cv_cxx_compiler_gnu=yes
ac_cv_env_CCC_set=
ac_cv_env_CCC_value=
ac_cv_env_CC_set=
ac_cv_env_CC_value=
ac_cv_env_CFLAGS_set=
ac_cv_env_CFLAGS_value=
ac_cv_env_CPPFLAGS_set=
ac_cv_env_CPPFLAGS_value=
ac_cv_env_CPP_set=
ac_cv_env_CPP_value=
ac_cv_env_CXXCPP_set=
ac_cv_env_CXXCPP_value=
ac_cv_env_CXXFLAGS_set=
ac_cv_env_CXXFLAGS_value=
ac_cv_env_CXX_set=
ac_cv_env_CXX_value=
ac_cv_env_F77_set=
ac_cv_env_F77_value=
ac_cv_env_FFLAGS_set=
ac_cv_env_FFLAGS_value=
ac_cv_env_LDFLAGS_set=
ac_cv_env_LDFLAGS_value=
ac_cv_env_LIBS_set=
ac_cv_env_LIBS_value=
ac_cv_env_build_alias_set=
ac_cv_env_build_alias_value=
ac_cv_env_host_alias_set=
ac_cv_env_host_alias_value=
ac_cv_env_target_alias_set=
ac_cv_env_target_alias_value=
ac_cv_f77_compiler_gnu=no
ac_cv_func_clock_gettime=yes
ac_cv_func_epoll_ctl=yes
ac_cv_func_fcntl=yes
ac_cv_func_getaddrinfo=yes
ac_cv_func_getegid=yes
ac_cv_func_geteuid=yes
ac_cv_func_getnameinfo=yes
ac_cv_func_gettimeofday=yes
ac_cv_func_inet_ntop=yes
ac_cv_func_issetugid=no
ac_cv_func_poll=yes
ac_cv_func_port_create=no
ac_cv_func_select=yes
ac_cv_func_sigaction=yes
ac_cv_func_signal=yes
ac_cv_func_strlcpy=no
ac_cv_func_strsep=yes
ac_cv_func_strtok_r=yes
ac_cv_func_strtoll=yes
ac_cv_func_vasprintf=yes
ac_cv_header_dlfcn_h=yes
ac_cv_header_fcntl_h=yes
ac_cv_header_inttypes_h=yes
ac_cv_header_memory_h=yes
ac_cv_header_netinet_in6_h=no
ac_cv_header_poll_h=yes
ac_cv_header_port_h=no
ac_cv_header_signal_h=yes
ac_cv_header_stdarg_h=yes
ac_cv_header_stdc=yes
ac_cv_header_stdint_h=yes
ac_cv_header_stdlib_h=yes
ac_cv_header_string_h=yes
ac_cv_header_strings_h=yes
ac_cv_header_sys_devpoll_h=no
ac_cv_header_sys_epoll_h=yes
ac_cv_header_sys_event_h=no
ac_cv_header_sys_ioctl_h=yes
ac_cv_header_sys_param_h=yes
ac_cv_header_sys_queue_h=yes
ac_cv_header_sys_select_h=yes
ac_cv_header_sys_socket_h=yes
ac_cv_header_sys_stat_h=yes
ac_cv_header_sys_time_h=yes
ac_cv_header_sys_types_h=yes
ac_cv_header_time=yes
ac_cv_header_unistd_h=yes
ac_cv_host=i686-pc-linux-gnu
ac_cv_lib_nsl_inet_ntoa=yes
ac_cv_lib_resolv_inet_aton=yes
ac_cv_lib_rt_clock_gettime=yes
ac_cv_lib_socket_socket=no
ac_cv_objext=o
ac_cv_path_EGREP='/bin/grep -E'
ac_cv_path_GREP=/bin/grep
ac_cv_path_install='/usr/bin/install -c'
ac_cv_path_mkdir=/bin/mkdir
ac_cv_prog_AWK=gawk
ac_cv_prog_CPP='gcc -E'
ac_cv_prog_CXXCPP='g++ -E'
ac_cv_prog_ac_ct_AR=ar
ac_cv_prog_ac_ct_CC=gcc
ac_cv_prog_ac_ct_CXX=g++
ac_cv_prog_ac_ct_RANLIB=ranlib
ac_cv_prog_ac_ct_STRIP=strip
ac_cv_prog_cc_c89=
ac_cv_prog_cc_g=yes
ac_cv_prog_cxx_g=yes
ac_cv_prog_f77_g=no
ac_cv_prog_gcc_traditional=no
ac_cv_prog_make_make_set=yes
ac_cv_sizeof_int=4
ac_cv_sizeof_long=4
ac_cv_sizeof_long_long=8
ac_cv_sizeof_short=2
ac_cv_type_fd_mask=yes
ac_cv_type_int=yes
ac_cv_type_long=yes
ac_cv_type_long_long=yes
ac_cv_type_pid_t=yes
ac_cv_type_short=yes
ac_cv_type_size_t=yes
ac_cv_type_struct_in6_addr=yes
ac_cv_type_uint16_t=yes
ac_cv_type_uint32_t=yes
ac_cv_type_uint64_t=yes
ac_cv_type_uint8_t=yes
am_cv_CC_dependencies_compiler_type=none
am_cv_CXX_dependencies_compiler_type=none
lt_cv_deplibs_check_method=pass_all
lt_cv_file_magic_cmd='$MAGIC_CMD'
lt_cv_file_magic_test_file=
lt_cv_ld_reload_flag=-r
lt_cv_objdir=.libs
lt_cv_path_LD=/usr/bin/ld
lt_cv_path_LDCXX=/usr/bin/ld
lt_cv_path_NM='/usr/bin/nm -B'
lt_cv_path_SED=/bin/sed
lt_cv_prog_compiler_c_o=yes
lt_cv_prog_compiler_c_o_CXX=yes
lt_cv_prog_compiler_pic_works=yes
lt_cv_prog_compiler_pic_works_CXX=yes
lt_cv_prog_compiler_rtti_exceptions=no
lt_cv_prog_compiler_static_works=yes
lt_cv_prog_compiler_static_works_CXX=yes
lt_cv_prog_gnu_ld=yes
lt_cv_prog_gnu_ldcxx=yes
lt_cv_sys_global_symbol_pipe='sed -n -e '\''s/^.*[ 	]\([ABCDGIRSTW][ABCDGIRSTW]*\)[ 	][ 	]*\([_A-Za-z][_A-Za-z0-9]*\)$/\1 \2 \2/p'\'''
lt_cv_sys_global_symbol_to_c_name_address='sed -n -e '\''s/^: \([^ ]*\) $/  {\"\1\", (lt_ptr) 0},/p'\'' -e '\''s/^[BCDEGRST] \([^ ]*\) \([^ ]*\)$/  {"\2", (lt_ptr) \&\2},/p'\'''
lt_cv_sys_global_symbol_to_cdecl='sed -n -e '\''s/^. .* \(.*\)$/extern int \1;/p'\'''
lt_cv_sys_lib_dlsearch_path_spec='/lib /usr/lib /usr/lib/i386-linux-gnu/libfakeroot /lib/i386-linux-gnu /usr/lib/i386-linux-gnu /lib/i686-linux-gnu /usr/lib/i686-linux-gnu /usr/lib/i386-linux-gnu/mesa-egl /usr/lib/i386-linux-gnu/mesa /usr/lib/i386-linux-gnu/mir/client8driver/mesa /usr/local/lib '
lt_cv_sys_lib_search_path_spec='/usr/lib/gcc/i686-linux-gnu/4.9 /usr/lib/i386-linux-gnu /usr/lib /lib/i386-linux-gnu /lib'
lt_cv_sys_max_cmd_len=1572864
lt_lt_cv_prog_compiler_c_o='"yes"'
lt_lt_cv_prog_compiler_c_o_CXX='"yes"'
lt_lt_cv_sys_global_symbol_pipe='"sed -n -e '\''s/^.*[ 	]\\([ABCDGIRSTW][ABCDGIRSTW]*\\)[ 	][ 	]*\\([_A-Za-z][_A-Za-z0-9]*\\)\$/\\1 \\2 \\2/p'\''"'
lt_lt_cv_sys_global_symbol_to_c_name_address='"sed -n -e '\''s/^: \\([^ ]*\\) \$/  {\\\"\\1\\\", (lt_ptr) 0},/p'\'' -e '\''s/^[BCDEGRST] \\([^ ]*\\) \\([^ ]*\\)\$/  {\"\\2\", (lt_ptr) \\&\\2},/p'\''"'
lt_lt_cv_sys_global_symbol_to_cdecl='"sed -n -e '\''s/^. .* \\(.*\\)\$/extern int \\1;/p'\''"'

## ----------------- ##
## Output variables. ##
## ----------------- ##

ACLOCAL='${SHELL} /home/dodng/lab/comse/core/libevent-1.4.14-stable/missing --run aclocal-1.10'
AMDEPBACKSLASH='\'
AMDEP_FALSE='#'
AMDEP_TRUE=''
AMTAR='${SHELL} /home/dodng/lab/comse/core/libevent-1.4.14-stable/missing --run tar'
AR='ar'
AUTOCONF='${SHELL} /home/dodng/lab/comse/core/libevent-1.4.14-stable/missing --run autoconf'
AUTOHEADER='${SHELL} /home/dodng/lab/comse/core/libevent-1.4.14-stable/missing --run autoheader'
AUTOMAKE='${SHELL} /home/dodng/lab/comse/core/libevent-1.4.14-stable/missing --run automake-1.10'
AWK='gawk'
BUILD_WIN32_FALSE=''
BUILD_WIN32_TRUE='#'
CC='gcc'
CCDEPMODE='depmode=none'
CFLAGS='-g -O2 -Wall -fno-strict-aliasing'
CPP='gcc -E'
CPPFLAGS=''
CXX='g++'
CXXCPP='g++ -E'
CXXDEPMODE='depmode=none'
CXXFLAGS='-g -O2'
CYGPATH_W='echo'
DEFS='-DHAVE_CONFIG_H'
DEPDIR='.deps'
DSYMUTIL=''
ECHO='echo'
ECHO_C=''
ECHO_N='-n'
ECHO_T=''
EGREP='/bin/grep -E'
EXEEXT=''
F77=''
FFLAGS=''
GREP='/bin/grep'
INSTALL_DATA='${INSTALL} -m 644'
INSTALL_PROGRAM='${INSTALL}'
INSTALL_SCRIPT='${INSTALL}'
INSTALL_STRIP_PROGRAM='$(install_sh) -c -s'
LDFLAGS=''
LIBOBJS=' ${LIBOBJDIR}select$U.o ${LIBOBJDIR}poll$U.o ${LIBOBJDIR}epoll$U.o ${LIBOBJDIR}signal$U.o'
LIBS='-lnsl -lrt -lresolv '
LIBTOOL='$(SHELL) $(top_builddir)/libtool'
LIBTOOL_DEPS='./ltmain.sh'
LN_S='ln -s'
LTLIBOBJS=' ${LIBOBJDIR}select$U.lo ${LIBOBJDIR}poll$U.lo ${LIBOBJDIR}epoll$U.lo ${LIBOBJDIR}signal$U.lo'
MAKEINFO='${SHELL} /home/dodng/lab/comse/core/libevent-1.4.14-stable/missing --run makeinfo'
NMEDIT=''
OBJEXT='o'
PACKAGE='libevent'
PACKAGE_BUGREPORT=''
PACKAGE_NAME=''
PACKAGE_STRING=''
PACKAGE_TARNAME=''
PACKAGE_VERSION=''
PATH_SEPARATOR=':'
RANLIB='ranlib'
SED='/bin/sed'
SET_MAKE=''
SHELL='/bin/bash'
STRIP='strip'
VERSION='1.4.14-stable'
ac_ct_CC='gcc'
ac_ct_CXX='g++'
ac_ct_F77=''
am__fastdepCC_FALSE=''
am__fastdepCC_TRUE='#'
am__fastdepCXX_FALSE=''
am__fastdepCXX_TRUE='#'
am__include='include'
am__isrc=''
am__leading_dot='.'
am__quote=''
am__tar='${AMTAR} chof - "$$tardir"'
am__untar='${AMTAR} xf -'
bindir='${exec_prefix}/bin'
build='i686-pc-linux-gnu'
build_alias=''
build_cpu='i686'
build_os='linux-gnu'
build_vendor='pc'
datadir='${datarootdir}'
datarootdir='${prefix}/share'
docdir='${datarootdir}/doc/${PACKAGE}'
dvidir='${docdir}'
exec_prefix='${prefix}'
host='i686-pc-linux-gnu'
host_alias=''
host_cpu='i686'
host_os='linux-gnu'
host_vendor='pc'
htmldir='${docdir}'
includedir='${prefix}/include'
infodir='${datarootdir}/info'
install_sh='$(SHELL) /home/dodng/lab/comse/core/libevent-1.4.14-stable/install-sh'
libdir='${exec_prefix}/lib'
libexecdir='${exec_prefix}/libexec'
localedir='${datarootdir}/locale'
localstatedir='${prefix}/var'
mandir='${datarootdir}/man'
mkdir_p='/bin/mkdir -p'
oldincludedir='/usr/include'
pdfdir='${docdir}'
prefix='/usr/local'
program_transform_name='s,x,x,'
psdir='${docdir}'
sbindir='${exec_prefix}/sbin'
sharedstatedir='${prefix}/com'
sysconfdir='${prefix}/etc'
target_alias=''

## ----------- ##
## confdefs.h. ##
## ----------- ##

#define PACKAGE_NAME ""
#define PACKAGE_TARNAME ""
#define PACKAGE_VERSION ""
#define PACKAGE_STRING ""
#define PACKAGE_BUGREPORT ""
#define PACKAGE "libevent"
#define VERSION "1.4.14-stable"
#define NUMERIC_VERSION 0x01040e00
#define STDC_HEADERS 1
#define HAVE_SYS_TYPES_H 1
#define HAVE_SYS_STAT_H 1
#define HAVE_STDLIB_H 1
#define HAVE_STRING_H 1
#define HAVE_MEMORY_H 1
#define HAVE_STRINGS_H 1
#define HAVE_INTTYPES_H 1
#define HAVE_STDINT_H 1
#define HAVE_UNISTD_H 1
#define HAVE_DLFCN_H 1
#define HAVE_LIBRESOLV 1
#define HAVE_LIBRT 1
#define HAVE_LIBNSL 1
#define STDC_HEADERS 1
#define HAVE_FCNTL_H 1
#define HAVE_STDARG_H 1
#define HAVE_INTTYPES_H 1
#define HAVE_STDINT_H 1
#define HAVE_POLL_H 1
#define HAVE_SIGNAL_H 1
#define HAVE_UNISTD_H 1
#define HAVE_SYS_EPOLL_H 1
#define HAVE_SYS_TIME_H 1
#define HAVE_SYS_QUEUE_H 1
#define HAVE_SYS_PARAM_H 1
#define HAVE_SYS_IOCTL_H 1
#define HAVE_SYS_SELECT_H 1
#define HAVE_SYS_SOCKET_H 1
#define HAVE_TAILQFOREACH 1
#define HAVE_TIMERADD 1
#define HAVE_TIMERCMP 1
#define HAVE_TIMERCLEAR 1
#define HAVE_TIMERISSET 1
#define TIME_WITH_SYS_TIME 1
#define HAVE_GETTIMEOFDAY 1
#define HAVE_VASPRINTF 1
#define HAVE_FCNTL 1
#define HAVE_CLOCK_GETTIME 1
#define HAVE_STRTOK_R 1
#define HAVE_STRSEP 1
#define HAVE_GETADDRINFO 1
#define HAVE_GETNAMEINFO 1
#define HAVE_INET_NTOP 1
#define HAVE_SIGNAL 1
#define HAVE_SIGACTION 1
#define HAVE_STRTOLL 1
#define HAVE_GETEUID 1
#define HAVE_GETEGID 1
#define SIZEOF_LONG 4
#define DNS_USE_CPU_CLOCK_FOR_ID 1
#define HAVE_SETFD 1
#define HAVE_SELECT 1
#define HAVE_POLL 1
#define HAVE_EPOLL_CTL 1
#define HAVE_EPOLL 1
#define HAVE_UINT64_T 1
#define HAVE_UINT32_T 1
#define HAVE_UINT16_T 1
#define HAVE_UINT8_T 1
#define HAVE_FD_MASK 1
#define SIZEOF_LONG_LONG 8
#define SIZEOF_INT 4
#define SIZEOF_SHORT 2
#define HAVE_STRUCT_IN6_ADDR 1

configure: exit 0
